#
# A fatal error has been detected by the Java Runtime Environment:
#
#  SIGBUS (0xa) at pc=0x00000001091270ae, pid=24887, tid=19203
#
# JRE version: Java(TM) SE Runtime Environment (7.0_79-b15) (build 1.7.0_79-b15)
# Java VM: Java HotSpot(TM) 64-Bit Server VM (24.79-b02 mixed mode bsd-amd64 compressed oops)
# Problematic frame:
# V  [libjvm.dylib+0x5270ae]  interpretedVFrame::monitors() const+0xe0
#
# Failed to write core dump. Core dumps have been disabled. To enable core dumping, try "ulimit -c unlimited" before starting Java again
#
# If you would like to submit a bug report, please visit:
#   http://bugreport.java.com/bugreport/crash.jsp
#

---------------  T H R E A D  ---------------

Current thread (0x00007feef400b800):  JavaThread "JDWP Transport Listener: dt_socket" daemon [_thread_in_vm, id=19203, stack(0x000070000bab3000,0x000070000bbb3000)]

siginfo:si_signo=SIGBUS: si_errno=0, si_code=2 (BUS_ADRERR), si_addr=0x000070000ad8eff0

Registers:
RAX=0x00000007aaae06b0, RBX=0x00007feef400f210, RCX=0x00007feef4174550, RDX=0x0000000119837010
RSP=0x000070000bbb2130, RBP=0x000070000bbb2220, RSI=0x000070000ad8eff8, RDI=0x000070000bbb2190
R8 =0x0000000000000000, R9 =0x00007feef4172c00, R10=0x0000000109376540, R11=0xffffffff00000000
R12=0x000070000ad8efe8, R13=0x0000000000000000, R14=0x00007feef400f810, R15=0x000070000bbb21c8
RIP=0x00000001091270ae, EFLAGS=0x0000000000010202, ERR=0x0000000000000004
  TRAPNO=0x000000000000000e

Top of Stack: (sp=0x000070000bbb2130)
0x000070000bbb2130:   000070000ae8b9a8 00000001096690d8
0x000070000bbb2140:   0000000109668310 0000000600000000
0x000070000bbb2150:   000070000ae8ba18 000070000ae8b9d8
0x000070000bbb2160:   000070000ae8b9a8 00000001096690d8
0x000070000bbb2170:   0000000109668310 0000000600000000
0x000070000bbb2180:   000070000ae8ba18 000070000ae8b9d8
0x000070000bbb2190:   000070000ae8b9a8 00000001096690d8
0x000070000bbb21a0:   0000000109668310 0000000600000000
0x000070000bbb21b0:   000070000ae8ba18 000070000ae8b9d8
0x000070000bbb21c0:   00007feef4174550 000070000ae8b9a8
0x000070000bbb21d0:   00000001096690d8 0000000109668310
0x000070000bbb21e0:   0000000600000000 000070000ae8ba18
0x000070000bbb21f0:   000070000ae8b9d8 00007feef3619ae0
0x000070000bbb2200:   0000000109366c38 00007feef400f210
0x000070000bbb2210:   00007feef400f210 00007feef6002800
0x000070000bbb2220:   000070000bbb22f0 0000000108f6af8a
0x000070000bbb2230:   00000006faf65860 00000006faf3c310
0x000070000bbb2240:   00007feef400b800 00000001faf3c9b0
0x000070000bbb2250:   00000006faf071d8 00000006fafb8c88
0x000070000bbb2260:   00000006fb018240 00000006fafcbf40
0x000070000bbb2270:   00000006fafe0d80 00000006fae33b48
0x000070000bbb2280:   00000006faed0878 00000006faed0878
0x000070000bbb2290:   00000006faea0380 0000000000000c00
0x000070000bbb22a0:   00007feef3517de0 00007feef400ec00
0x000070000bbb22b0:   00007feef400f810 00007feef4016be8
0x000070000bbb22c0:   00000000000083b0 00007feef6002800
0x000070000bbb22d0:   0000000109366c38 00007feef400f210
0x000070000bbb22e0:   00007feef400b800 0000000000000001
0x000070000bbb22f0:   000070000bbb2980 0000000108f6bf64
0x000070000bbb2300:   00007feef3601120 00007feef3619ae0
0x000070000bbb2310:   00000006faf83830 00000001090fae19
0x000070000bbb2320:   000070000bbb2360 0000000108c99cce 

Instructions: (pc=0x00000001091270ae)
0x000000010912708e:   48 8b 4b 30 48 89 8d 68 ff ff ff 48 8d bd 40 ff
0x000000010912709e:   ff ff 48 89 c6 e8 aa 1c d2 ff 4c 8d 7d a8 eb 79
0x00000001091270ae:   4d 8b 6c 24 08 31 f6 bf 20 00 00 00 e8 ef 8a f4
0x00000001091270be:   ff 48 85 c0 74 17 4c 89 28 48 c7 40 10 00 00 00 

Register to memory mapping:

RAX=0x00000007aaae06b0 is an oop
java.lang.Error 
 - klass: 'java/lang/Error'
RBX=0x00007feef400f210 is an unknown value
RCX=0x00007feef4174550 is an unknown value
RDX=0x0000000119837010 is an unknown value
RSP=0x000070000bbb2130 is pointing into the stack for thread: 0x00007feef400b800
RBP=0x000070000bbb2220 is pointing into the stack for thread: 0x00007feef400b800
RSI=0x000070000ad8eff8 is pointing into the stack for thread: 0x00007feef6002800
RDI=0x000070000bbb2190 is pointing into the stack for thread: 0x00007feef400b800
R8 =0x0000000000000000 is an unknown value
R9 =0x00007feef4172c00 is an unknown value
R10=0x0000000109376540: _ZL8tc_mutex+0x20 in /Library/Java/JavaVirtualMachines/jdk1.7.0_79.jdk/Contents/Home/jre/lib/server/libjvm.dylib at 0x0000000108c00000
R11=0xffffffff00000000 is an unknown value
R12=0x000070000ad8efe8 is pointing into the stack for thread: 0x00007feef6002800
R13=0x0000000000000000 is an unknown value
R14=0x00007feef400f810 is an unknown value
R15=0x000070000bbb21c8 is pointing into the stack for thread: 0x00007feef400b800


Stack: [0x000070000bab3000,0x000070000bbb3000],  sp=0x000070000bbb2130,  free space=1020k
Native frames: (J=compiled Java code, j=interpreted, Vv=VM code, C=native code)
V  [libjvm.dylib+0x5270ae]  interpretedVFrame::monitors() const+0xe0
V  [libjvm.dylib+0x36af8a]  JvmtiEnvBase::get_locked_objects_in_frame(JavaThread*, JavaThread*, javaVFrame*, GrowableArray<_jvmtiMonitorStackDepthInfo*>*, int)+0x6e
V  [libjvm.dylib+0x36bf64]  JvmtiEnvBase::get_owned_monitors(JavaThread*, JavaThread*, GrowableArray<_jvmtiMonitorStackDepthInfo*>*)+0xe2
V  [libjvm.dylib+0x368a83]  JvmtiEnv::GetOwnedMonitorInfo(JavaThread*, int*, _jobject***)+0x9b
V  [libjvm.dylib+0x33de38]  jvmti_GetOwnedMonitorInfo+0x145
C  [libjdwp.dylib+0x82bc]  ownedMonitors+0xe7
C  [libjdwp.dylib+0xe642]  debugLoop_run+0x1ce
C  [libjdwp.dylib+0x1f0e2]  attachThread+0x4d
V  [libjvm.dylib+0x37945a]  JvmtiAgentThread::call_start_function()+0x38
V  [libjvm.dylib+0x4f759d]  JavaThread::thread_main_inner()+0x9b
V  [libjvm.dylib+0x4f8ca5]  JavaThread::run()+0x1a3
V  [libjvm.dylib+0x421c4e]  java_start(Thread*)+0x126
C  [libsystem_pthread.dylib+0x393b]  _pthread_body+0xb4
C  [libsystem_pthread.dylib+0x3887]  _pthread_body+0x0
C  [libsystem_pthread.dylib+0x308d]  thread_start+0xd


---------------  P R O C E S S  ---------------

Java Threads: ( => current thread )
  0x00007feef7004800 JavaThread "Service Thread" daemon [_thread_blocked, id=21763, stack(0x000070000bfc2000,0x000070000c0c2000)]
  0x00007feef7005000 JavaThread "C2 CompilerThread1" daemon [_thread_blocked, id=21251, stack(0x000070000bebf000,0x000070000bfbf000)]
  0x00007feef6008800 JavaThread "C2 CompilerThread0" daemon [_thread_blocked, id=20739, stack(0x000070000bdbc000,0x000070000bebc000)]
  0x00007feef7800000 JavaThread "JDWP Command Reader" daemon [_thread_in_native, id=20227, stack(0x000070000bcb9000,0x000070000bdb9000)]
  0x00007feef381a000 JavaThread "JDWP Event Helper Thread" daemon [_thread_blocked, id=19715, stack(0x000070000bbb6000,0x000070000bcb6000)]
=>0x00007feef400b800 JavaThread "JDWP Transport Listener: dt_socket" daemon [_thread_in_vm, id=19203, stack(0x000070000bab3000,0x000070000bbb3000)]
  0x00007feef4824000 JavaThread "Signal Dispatcher" daemon [_thread_blocked, id=18691, stack(0x000070000b9b0000,0x000070000bab0000)]
  0x00007feef6827000 JavaThread "Finalizer" daemon [_thread_blocked, id=14595, stack(0x000070000b8ad000,0x000070000b9ad000)]
  0x00007feef6826000 JavaThread "Reference Handler" daemon [_thread_blocked, id=14083, stack(0x000070000b7aa000,0x000070000b8aa000)]
  0x00007feef6002800 JavaThread "main" [_thread_blocked, id=7171, stack(0x000070000ad8c000,0x000070000ae8c000)]

Other Threads:
  0x00007feef3810800 VMThread [stack: 0x000070000b6a7000,0x000070000b7a7000] [id=13571]
  0x00007feef3829000 WatcherThread [stack: 0x000070000c0c5000,0x000070000c1c5000] [id=22275]

VM state:not at safepoint (normal execution)

VM Mutex/Monitor currently owned by a thread: None

Heap
 PSYoungGen      total 76800K, used 3963K [0x00000007aaa80000, 0x00000007b0000000, 0x0000000800000000)
  eden space 66048K, 6% used [0x00000007aaa80000,0x00000007aae5ec80,0x00000007aeb00000)
  from space 10752K, 0% used [0x00000007af580000,0x00000007af580000,0x00000007b0000000)
  to   space 10752K, 0% used [0x00000007aeb00000,0x00000007aeb00000,0x00000007af580000)
 ParOldGen       total 174592K, used 0K [0x0000000700000000, 0x000000070aa80000, 0x00000007aaa80000)
  object space 174592K, 0% used [0x0000000700000000,0x0000000700000000,0x000000070aa80000)
 PSPermGen       total 21504K, used 2660K [0x00000006fae00000, 0x00000006fc300000, 0x0000000700000000)
  object space 21504K, 12% used [0x00000006fae00000,0x00000006fb099180,0x00000006fc300000)

Card table byte_map: [0x000000010c663000,0x000000010ce8d000] byte_map_base: 0x0000000108e8c000

Polling page: 0x0000000107a7a000

Code Cache  [0x0000000109663000, 0x00000001098d3000, 0x000000010c663000)
 total_blobs=159 nmethods=0 adapters=137 free_code_cache=48776Kb largest_free_block=49946496

Compilation events (0 events):
No events

GC Heap History (0 events):
No events

Deoptimization events (0 events):
No events

Internal exceptions (2 events):
Event: 0.104 Thread 0x00007feef6002800 Threw 0x00000007aaa8f240 at /HUDSON/workspace/7u-2-build-macosx-x86_64/jdk7u79/2331/hotspot/src/share/vm/prims/jni.cpp:3991
Event: 0.271 Thread 0x00007feef6002800 Threw 0x00000007aaad9450 at /HUDSON/workspace/7u-2-build-macosx-x86_64/jdk7u79/2331/hotspot/src/share/vm/prims/jvm.cpp:1304

Events (10 events):
Event: 71.625 Executing VM operation: ChangeBreakpoints
Event: 71.625 Executing VM operation: ChangeBreakpoints done
Event: 71.628 Executing VM operation: EnterInterpOnlyMode
Event: 71.628 Executing VM operation: EnterInterpOnlyMode done
Event: 71.628 Executing VM operation: GetCurrentLocation
Event: 71.628 Executing VM operation: GetCurrentLocation done
Event: 71.628 Executing VM operation: ChangeSingleStep
Event: 71.628 Executing VM operation: ChangeSingleStep done
Event: 71.629 Executing VM operation: ChangeSingleStep
Event: 71.629 Executing VM operation: ChangeSingleStep done


Dynamic libraries:
0x0000000044d61000 	/System/Library/Frameworks/Cocoa.framework/Versions/A/Cocoa
0x0000000044d61000 	/System/Library/Frameworks/Security.framework/Versions/A/Security
0x0000000044d61000 	/System/Library/Frameworks/ApplicationServices.framework/Versions/A/ApplicationServices
0x0000000044d61000 	/usr/lib/libz.1.dylib
0x0000000044d61000 	/usr/lib/libSystem.B.dylib
0x0000000044d61000 	/usr/lib/libobjc.A.dylib
0x0000000044d61000 	/System/Library/Frameworks/CoreFoundation.framework/Versions/A/CoreFoundation
0x0000000044d61000 	/System/Library/Frameworks/Foundation.framework/Versions/C/Foundation
0x0000000044d61000 	/System/Library/Frameworks/AppKit.framework/Versions/C/AppKit
0x0000000044d61000 	/System/Library/Frameworks/CoreData.framework/Versions/A/CoreData
0x0000000044d61000 	/System/Library/PrivateFrameworks/RemoteViewServices.framework/Versions/A/RemoteViewServices
0x0000000044d61000 	/System/Library/PrivateFrameworks/UIFoundation.framework/Versions/A/UIFoundation
0x0000000044d61000 	/System/Library/PrivateFrameworks/DFRFoundation.framework/Versions/A/DFRFoundation
0x0000000044d61000 	/usr/lib/libenergytrace.dylib
0x0000000044d61000 	/System/Library/PrivateFrameworks/SkyLight.framework/Versions/A/SkyLight
0x0000000044d61000 	/System/Library/Frameworks/CoreGraphics.framework/Versions/A/CoreGraphics
0x0000000044d61000 	/usr/lib/libScreenReader.dylib
0x0000000044d61000 	/System/Library/Frameworks/Accelerate.framework/Versions/A/Accelerate
0x0000000044d61000 	/System/Library/Frameworks/IOSurface.framework/Versions/A/IOSurface
0x0000000044d61000 	/System/Library/Frameworks/AudioToolbox.framework/Versions/A/AudioToolbox
0x0000000044d61000 	/System/Library/Frameworks/AudioUnit.framework/Versions/A/AudioUnit
0x0000000044d61000 	/System/Library/PrivateFrameworks/DataDetectorsCore.framework/Versions/A/DataDetectorsCore
0x0000000044d61000 	/System/Library/PrivateFrameworks/DesktopServicesPriv.framework/Versions/A/DesktopServicesPriv
0x0000000044d61000 	/System/Library/Frameworks/Carbon.framework/Versions/A/Frameworks/HIToolbox.framework/Versions/A/HIToolbox
0x0000000044d61000 	/usr/lib/libicucore.A.dylib
0x0000000044d61000 	/System/Library/Frameworks/QuartzCore.framework/Versions/A/QuartzCore
0x0000000044d61000 	/System/Library/Frameworks/Carbon.framework/Versions/A/Frameworks/SpeechRecognition.framework/Versions/A/SpeechRecognition
0x0000000044d61000 	/usr/lib/libauto.dylib
0x0000000044d61000 	/usr/lib/libxml2.2.dylib
0x0000000044d61000 	/System/Library/PrivateFrameworks/CoreUI.framework/Versions/A/CoreUI
0x0000000044d61000 	/System/Library/Frameworks/CoreAudio.framework/Versions/A/CoreAudio
0x0000000044d61000 	/System/Library/Frameworks/DiskArbitration.framework/Versions/A/DiskArbitration
0x0000000044d61000 	/usr/lib/liblangid.dylib
0x0000000044d61000 	/System/Library/PrivateFrameworks/MultitouchSupport.framework/Versions/A/MultitouchSupport
0x0000000044d61000 	/System/Library/Frameworks/IOKit.framework/Versions/A/IOKit
0x0000000044d61000 	/usr/lib/libDiagnosticMessagesClient.dylib
0x0000000044d61000 	/System/Library/Frameworks/CoreServices.framework/Versions/A/CoreServices
0x0000000044d61000 	/System/Library/PrivateFrameworks/PerformanceAnalysis.framework/Versions/A/PerformanceAnalysis
0x0000000044d61000 	/System/Library/PrivateFrameworks/GenerationalStorage.framework/Versions/A/GenerationalStorage
0x0000000044d61000 	/System/Library/Frameworks/OpenGL.framework/Versions/A/OpenGL
0x0000000044d61000 	/System/Library/Frameworks/CoreImage.framework/Versions/A/CoreImage
0x0000000044d61000 	/System/Library/Frameworks/CoreText.framework/Versions/A/CoreText
0x0000000044d61000 	/System/Library/Frameworks/ImageIO.framework/Versions/A/ImageIO
0x0000000044d61000 	/System/Library/PrivateFrameworks/Backup.framework/Versions/A/Backup
0x0000000044d61000 	/usr/lib/libarchive.2.dylib
0x0000000044d61000 	/System/Library/Frameworks/CFNetwork.framework/Versions/A/CFNetwork
0x0000000044d61000 	/System/Library/Frameworks/SystemConfiguration.framework/Versions/A/SystemConfiguration
0x0000000044d61000 	/usr/lib/libCRFSuite.dylib
0x0000000044d61000 	/usr/lib/libc++.1.dylib
0x0000000044d61000 	/usr/lib/libc++abi.dylib
0x0000000044d61000 	/usr/lib/system/libcache.dylib
0x0000000044d61000 	/usr/lib/system/libcommonCrypto.dylib
0x0000000044d61000 	/usr/lib/system/libcompiler_rt.dylib
0x0000000044d61000 	/usr/lib/system/libcopyfile.dylib
0x0000000044d61000 	/usr/lib/system/libcorecrypto.dylib
0x0000000044d61000 	/usr/lib/system/libdispatch.dylib
0x0000000044d61000 	/usr/lib/system/libdyld.dylib
0x0000000044d61000 	/usr/lib/system/libkeymgr.dylib
0x0000000044d61000 	/usr/lib/system/liblaunch.dylib
0x0000000044d61000 	/usr/lib/system/libmacho.dylib
0x0000000044d61000 	/usr/lib/system/libquarantine.dylib
0x0000000044d61000 	/usr/lib/system/libremovefile.dylib
0x0000000044d61000 	/usr/lib/system/libsystem_asl.dylib
0x0000000044d61000 	/usr/lib/system/libsystem_blocks.dylib
0x0000000044d61000 	/usr/lib/system/libsystem_c.dylib
0x0000000044d61000 	/usr/lib/system/libsystem_configuration.dylib
0x0000000044d61000 	/usr/lib/system/libsystem_coreservices.dylib
0x0000000044d61000 	/usr/lib/system/libsystem_coretls.dylib
0x0000000044d61000 	/usr/lib/system/libsystem_dnssd.dylib
0x0000000044d61000 	/usr/lib/system/libsystem_info.dylib
0x0000000044d61000 	/usr/lib/system/libsystem_kernel.dylib
0x0000000044d61000 	/usr/lib/system/libsystem_m.dylib
0x0000000044d61000 	/usr/lib/system/libsystem_malloc.dylib
0x0000000044d61000 	/usr/lib/system/libsystem_network.dylib
0x0000000044d61000 	/usr/lib/system/libsystem_networkextension.dylib
0x0000000044d61000 	/usr/lib/system/libsystem_notify.dylib
0x0000000044d61000 	/usr/lib/system/libsystem_platform.dylib
0x0000000044d61000 	/usr/lib/system/libsystem_pthread.dylib
0x0000000044d61000 	/usr/lib/system/libsystem_sandbox.dylib
0x0000000044d61000 	/usr/lib/system/libsystem_secinit.dylib
0x0000000044d61000 	/usr/lib/system/libsystem_symptoms.dylib
0x0000000044d61000 	/usr/lib/system/libsystem_trace.dylib
0x0000000044d61000 	/usr/lib/system/libunwind.dylib
0x0000000044d61000 	/usr/lib/system/libxpc.dylib
0x0000000044d61000 	/usr/lib/libbsm.0.dylib
0x0000000044d61000 	/usr/lib/system/libkxld.dylib
0x0000000044d61000 	/usr/lib/libcoretls.dylib
0x0000000044d61000 	/usr/lib/libcoretls_cfhelpers.dylib
0x0000000044d61000 	/usr/lib/libOpenScriptingUtil.dylib
0x0000000044d61000 	/usr/lib/libpam.2.dylib
0x0000000044d61000 	/usr/lib/libsqlite3.dylib
0x0000000044d61000 	/usr/lib/libxar.1.dylib
0x0000000044d61000 	/usr/lib/libbz2.1.0.dylib
0x0000000044d61000 	/usr/lib/liblzma.5.dylib
0x0000000044d61000 	/usr/lib/libnetwork.dylib
0x0000000044d61000 	/usr/lib/libpcap.A.dylib
0x0000000044d61000 	/System/Library/Frameworks/CoreServices.framework/Versions/A/Frameworks/FSEvents.framework/Versions/A/FSEvents
0x0000000044d61000 	/System/Library/Frameworks/CoreServices.framework/Versions/A/Frameworks/CarbonCore.framework/Versions/A/CarbonCore
0x0000000044d61000 	/System/Library/Frameworks/CoreServices.framework/Versions/A/Frameworks/Metadata.framework/Versions/A/Metadata
0x0000000044d61000 	/System/Library/Frameworks/CoreServices.framework/Versions/A/Frameworks/OSServices.framework/Versions/A/OSServices
0x0000000044d61000 	/System/Library/Frameworks/CoreServices.framework/Versions/A/Frameworks/SearchKit.framework/Versions/A/SearchKit
0x0000000044d61000 	/System/Library/Frameworks/CoreServices.framework/Versions/A/Frameworks/AE.framework/Versions/A/AE
0x0000000044d61000 	/System/Library/Frameworks/CoreServices.framework/Versions/A/Frameworks/LaunchServices.framework/Versions/A/LaunchServices
0x0000000044d61000 	/System/Library/Frameworks/CoreServices.framework/Versions/A/Frameworks/DictionaryServices.framework/Versions/A/DictionaryServices
0x0000000044d61000 	/System/Library/Frameworks/CoreServices.framework/Versions/A/Frameworks/SharedFileList.framework/Versions/A/SharedFileList
0x0000000044d61000 	/System/Library/Frameworks/NetFS.framework/Versions/A/NetFS
0x0000000044d61000 	/System/Library/PrivateFrameworks/NetAuth.framework/Versions/A/NetAuth
0x0000000044d61000 	/System/Library/PrivateFrameworks/login.framework/Versions/A/Frameworks/loginsupport.framework/Versions/A/loginsupport
0x0000000044d61000 	/System/Library/PrivateFrameworks/TCC.framework/Versions/A/TCC
0x0000000044d61000 	/usr/lib/libmecabra.dylib
0x0000000044d61000 	/System/Library/Frameworks/ApplicationServices.framework/Versions/A/Frameworks/ATS.framework/Versions/A/ATS
0x0000000044d61000 	/System/Library/Frameworks/ApplicationServices.framework/Versions/A/Frameworks/ColorSync.framework/Versions/A/ColorSync
0x0000000044d61000 	/System/Library/Frameworks/ApplicationServices.framework/Versions/A/Frameworks/HIServices.framework/Versions/A/HIServices
0x0000000044d61000 	/System/Library/Frameworks/ApplicationServices.framework/Versions/A/Frameworks/LangAnalysis.framework/Versions/A/LangAnalysis
0x0000000044d61000 	/System/Library/Frameworks/ApplicationServices.framework/Versions/A/Frameworks/PrintCore.framework/Versions/A/PrintCore
0x0000000044d61000 	/System/Library/Frameworks/ApplicationServices.framework/Versions/A/Frameworks/QD.framework/Versions/A/QD
0x0000000044d61000 	/System/Library/Frameworks/ApplicationServices.framework/Versions/A/Frameworks/SpeechSynthesis.framework/Versions/A/SpeechSynthesis
0x0000000044d61000 	/System/Library/Frameworks/Accelerate.framework/Versions/A/Frameworks/vImage.framework/Versions/A/vImage
0x0000000044d61000 	/System/Library/Frameworks/Accelerate.framework/Versions/A/Frameworks/vecLib.framework/Versions/A/vecLib
0x0000000044d61000 	/System/Library/Frameworks/Accelerate.framework/Versions/A/Frameworks/vecLib.framework/Versions/A/libvDSP.dylib
0x0000000044d61000 	/System/Library/Frameworks/Accelerate.framework/Versions/A/Frameworks/vecLib.framework/Versions/A/libBNNS.dylib
0x0000000044d61000 	/System/Library/Frameworks/Accelerate.framework/Versions/A/Frameworks/vecLib.framework/Versions/A/libQuadrature.dylib
0x0000000044d61000 	/System/Library/Frameworks/Accelerate.framework/Versions/A/Frameworks/vecLib.framework/Versions/A/libvMisc.dylib
0x0000000044d61000 	/System/Library/Frameworks/Accelerate.framework/Versions/A/Frameworks/vecLib.framework/Versions/A/libLAPACK.dylib
0x0000000044d61000 	/System/Library/Frameworks/Accelerate.framework/Versions/A/Frameworks/vecLib.framework/Versions/A/libBLAS.dylib
0x0000000044d61000 	/System/Library/Frameworks/Accelerate.framework/Versions/A/Frameworks/vecLib.framework/Versions/A/libLinearAlgebra.dylib
0x0000000044d61000 	/System/Library/Frameworks/Accelerate.framework/Versions/A/Frameworks/vecLib.framework/Versions/A/libSparseBLAS.dylib
0x0000000044d61000 	/System/Library/Frameworks/ApplicationServices.framework/Versions/A/Frameworks/ATS.framework/Versions/A/Resources/libFontParser.dylib
0x0000000044d61000 	/System/Library/Frameworks/ApplicationServices.framework/Versions/A/Frameworks/ATS.framework/Versions/A/Resources/libFontRegistry.dylib
0x0000000044d61000 	/System/Library/Frameworks/ImageIO.framework/Versions/A/Resources/libJPEG.dylib
0x0000000044d61000 	/System/Library/Frameworks/ImageIO.framework/Versions/A/Resources/libTIFF.dylib
0x0000000044d61000 	/System/Library/Frameworks/ImageIO.framework/Versions/A/Resources/libPng.dylib
0x0000000044d61000 	/System/Library/Frameworks/ImageIO.framework/Versions/A/Resources/libGIF.dylib
0x0000000044d61000 	/System/Library/Frameworks/ImageIO.framework/Versions/A/Resources/libJP2.dylib
0x0000000044d61000 	/System/Library/Frameworks/ImageIO.framework/Versions/A/Resources/libRadiance.dylib
0x0000000044d61000 	/usr/lib/libcompression.dylib
0x0000000044d61000 	/System/Library/PrivateFrameworks/AppleJPEG.framework/Versions/A/AppleJPEG
0x0000000044d61000 	/usr/lib/libcups.2.dylib
0x0000000044d61000 	/System/Library/Frameworks/Kerberos.framework/Versions/A/Kerberos
0x0000000044d61000 	/System/Library/Frameworks/GSS.framework/Versions/A/GSS
0x0000000044d61000 	/usr/lib/libresolv.9.dylib
0x0000000044d61000 	/usr/lib/libiconv.2.dylib
0x0000000044d61000 	/System/Library/PrivateFrameworks/Heimdal.framework/Versions/A/Heimdal
0x0000000044d61000 	/usr/lib/libheimdal-asn1.dylib
0x0000000044d61000 	/System/Library/Frameworks/OpenDirectory.framework/Versions/A/OpenDirectory
0x0000000044d61000 	/System/Library/PrivateFrameworks/CommonAuth.framework/Versions/A/CommonAuth
0x0000000044d61000 	/System/Library/Frameworks/OpenDirectory.framework/Versions/A/Frameworks/CFOpenDirectory.framework/Versions/A/CFOpenDirectory
0x0000000044d61000 	/System/Library/Frameworks/SecurityFoundation.framework/Versions/A/SecurityFoundation
0x0000000044d61000 	/System/Library/PrivateFrameworks/LanguageModeling.framework/Versions/A/LanguageModeling
0x0000000044d61000 	/usr/lib/libmarisa.dylib
0x0000000044d61000 	/usr/lib/libChineseTokenizer.dylib
0x0000000044d61000 	/usr/lib/libcmph.dylib
0x0000000044d61000 	/System/Library/PrivateFrameworks/CoreEmoji.framework/Versions/A/CoreEmoji
0x0000000044d61000 	/System/Library/Frameworks/ServiceManagement.framework/Versions/A/ServiceManagement
0x0000000044d61000 	/usr/lib/libxslt.1.dylib
0x0000000044d61000 	/System/Library/Frameworks/Carbon.framework/Versions/A/Frameworks/Ink.framework/Versions/A/Ink
0x0000000044d61000 	/System/Library/PrivateFrameworks/TextureIO.framework/Versions/A/TextureIO
0x0000000044d61000 	/System/Library/Frameworks/Metal.framework/Versions/A/Metal
0x0000000044d61000 	/usr/lib/libate.dylib
0x0000000044d61000 	/System/Library/PrivateFrameworks/GPUCompiler.framework/libmetal_timestamp.dylib
0x0000000044d61000 	/System/Library/Frameworks/OpenGL.framework/Versions/A/Libraries/libCoreFSCache.dylib
0x0000000044d61000 	/System/Library/PrivateFrameworks/IOAccelerator.framework/Versions/A/IOAccelerator
0x0000000044d61000 	/System/Library/Frameworks/CoreVideo.framework/Versions/A/CoreVideo
0x0000000044d61000 	/usr/lib/libFosl_dynamic.dylib
0x0000000044d61000 	/System/Library/PrivateFrameworks/MetalPerformanceShaders.framework/Versions/A/MetalPerformanceShaders
0x0000000044d61000 	/System/Library/PrivateFrameworks/FaceCore.framework/Versions/A/FaceCore
0x0000000044d61000 	/System/Library/Frameworks/OpenCL.framework/Versions/A/OpenCL
0x0000000044d61000 	/System/Library/Frameworks/OpenGL.framework/Versions/A/Libraries/libGLU.dylib
0x0000000044d61000 	/System/Library/Frameworks/OpenGL.framework/Versions/A/Libraries/libGFXShared.dylib
0x0000000044d61000 	/System/Library/Frameworks/OpenGL.framework/Versions/A/Libraries/libGL.dylib
0x0000000044d61000 	/System/Library/Frameworks/OpenGL.framework/Versions/A/Libraries/libGLImage.dylib
0x0000000044d61000 	/System/Library/Frameworks/OpenGL.framework/Versions/A/Libraries/libCVMSPluginSupport.dylib
0x0000000044d61000 	/System/Library/Frameworks/OpenGL.framework/Versions/A/Libraries/libCoreVMClient.dylib
0x0000000044d61000 	/System/Library/PrivateFrameworks/CrashReporterSupport.framework/Versions/A/CrashReporterSupport
0x0000000044d61000 	/System/Library/PrivateFrameworks/Sharing.framework/Versions/A/Sharing
0x0000000044d61000 	/System/Library/PrivateFrameworks/IconServices.framework/Versions/A/IconServices
0x0000000044d61000 	/System/Library/PrivateFrameworks/ProtocolBuffer.framework/Versions/A/ProtocolBuffer
0x0000000044d61000 	/System/Library/PrivateFrameworks/Apple80211.framework/Versions/A/Apple80211
0x0000000044d61000 	/System/Library/Frameworks/CoreWLAN.framework/Versions/A/CoreWLAN
0x0000000044d61000 	/System/Library/PrivateFrameworks/CoreUtils.framework/Versions/A/CoreUtils
0x0000000044d61000 	/System/Library/Frameworks/IOBluetooth.framework/Versions/A/IOBluetooth
0x0000000044d61000 	/System/Library/PrivateFrameworks/CoreWiFi.framework/Versions/A/CoreWiFi
0x0000000044d61000 	/System/Library/Frameworks/CoreBluetooth.framework/Versions/A/CoreBluetooth
0x0000000044d61000 	/System/Library/Frameworks/CoreDisplay.framework/Versions/A/CoreDisplay
0x0000000044d61000 	/System/Library/PrivateFrameworks/IOPresentment.framework/Versions/A/IOPresentment
0x0000000044d61000 	/System/Library/PrivateFrameworks/DSExternalDisplay.framework/Versions/A/DSExternalDisplay
0x0000000044d61000 	/System/Library/PrivateFrameworks/DebugSymbols.framework/Versions/A/DebugSymbols
0x0000000044d61000 	/System/Library/PrivateFrameworks/CoreSymbolication.framework/Versions/A/CoreSymbolication
0x0000000044d61000 	/System/Library/PrivateFrameworks/Symbolication.framework/Versions/A/Symbolication
0x0000000044d61000 	/System/Library/PrivateFrameworks/AppleFSCompression.framework/Versions/A/AppleFSCompression
0x0000000044d61000 	/System/Library/PrivateFrameworks/SpeechRecognitionCore.framework/Versions/A/SpeechRecognitionCore
0x0000000044d61000 	/System/Library/PrivateFrameworks/ChunkingLibrary.framework/Versions/A/ChunkingLibrary
0x0000000108c00000 	/Library/Java/JavaVirtualMachines/jdk1.7.0_79.jdk/Contents/Home/jre/lib/server/libjvm.dylib
0x0000000044d61000 	/usr/lib/libstdc++.6.dylib
0x0000000107a3d000 	/Library/Java/JavaVirtualMachines/jdk1.7.0_79.jdk/Contents/Home/jre/lib/libverify.dylib
0x0000000107a4a000 	/Library/Java/JavaVirtualMachines/jdk1.7.0_79.jdk/Contents/Home/jre/lib/libjava.dylib
0x0000000107a7b000 	/Library/Java/JavaVirtualMachines/jdk1.7.0_79.jdk/Contents/Home/jre/lib/libjdwp.dylib
0x0000000107ab8000 	/Library/Java/JavaVirtualMachines/jdk1.7.0_79.jdk/Contents/Home/jre/lib/libnpt.dylib
0x0000000107ac5000 	/Library/Java/JavaVirtualMachines/jdk1.7.0_79.jdk/Contents/Home/jre/lib/libzip.dylib
0x0000000117e76000 	/System/Library/Frameworks/JavaVM.framework/Frameworks/JavaRuntimeSupport.framework/JavaRuntimeSupport
0x0000000117e90000 	/System/Library/Frameworks/JavaVM.framework/Versions/A/Frameworks/JavaNativeFoundation.framework/Versions/A/JavaNativeFoundation
0x0000000117ea5000 	/System/Library/Frameworks/JavaVM.framework/Versions/A/JavaVM
0x0000000044d61000 	/System/Library/Frameworks/Carbon.framework/Versions/A/Carbon
0x0000000117eb2000 	/System/Library/PrivateFrameworks/JavaLaunching.framework/Versions/A/JavaLaunching
0x0000000044d61000 	/System/Library/Frameworks/Carbon.framework/Versions/A/Frameworks/CommonPanels.framework/Versions/A/CommonPanels
0x0000000044d61000 	/System/Library/Frameworks/Carbon.framework/Versions/A/Frameworks/Help.framework/Versions/A/Help
0x0000000044d61000 	/System/Library/Frameworks/Carbon.framework/Versions/A/Frameworks/ImageCapture.framework/Versions/A/ImageCapture
0x0000000044d61000 	/System/Library/Frameworks/Carbon.framework/Versions/A/Frameworks/OpenScripting.framework/Versions/A/OpenScripting
0x0000000044d61000 	/System/Library/Frameworks/Carbon.framework/Versions/A/Frameworks/Print.framework/Versions/A/Print
0x0000000044d61000 	/System/Library/Frameworks/Carbon.framework/Versions/A/Frameworks/SecurityHI.framework/Versions/A/SecurityHI
0x00000001197b7000 	/Library/Java/JavaVirtualMachines/jdk1.7.0_79.jdk/Contents/Home/jre/lib/libdt_socket.dylib

VM Arguments:
jvm_args: -agentlib:jdwp=transport=dt_socket,suspend=y,address=localhost:61030 -Dfile.encoding=UTF-8 
java_command: javacellphonebill.JavaCellPhoneBill
Launcher Type: SUN_STANDARD

Environment Variables:
PATH=/usr/bin:/bin:/usr/sbin:/sbin
SHELL=/bin/bash

Signal Handlers:
SIGSEGV: [libjvm.dylib+0x52daf1], sa_mask[0]=0xfffefeff, sa_flags=0x00000043
SIGBUS: [libjvm.dylib+0x52daf1], sa_mask[0]=0xfffefeff, sa_flags=0x00000042
SIGFPE: [libjvm.dylib+0x41f34e], sa_mask[0]=0xfffefeff, sa_flags=0x00000042
SIGPIPE: [libjvm.dylib+0x41f34e], sa_mask[0]=0xfffefeff, sa_flags=0x00000042
SIGXFSZ: [libjvm.dylib+0x41f34e], sa_mask[0]=0xfffefeff, sa_flags=0x00000042
SIGILL: [libjvm.dylib+0x41f34e], sa_mask[0]=0xfffefeff, sa_flags=0x00000042
SIGUSR1: SIG_DFL, sa_mask[0]=0x00000000, sa_flags=0x00000000
SIGUSR2: [libjvm.dylib+0x41ee40], sa_mask[0]=0x00000004, sa_flags=0x00000042
SIGHUP: [libjvm.dylib+0x41d0d1], sa_mask[0]=0xfffefeff, sa_flags=0x00000042
SIGINT: [libjvm.dylib+0x41d0d1], sa_mask[0]=0xfffefeff, sa_flags=0x00000042
SIGTERM: [libjvm.dylib+0x41d0d1], sa_mask[0]=0xfffefeff, sa_flags=0x00000042
SIGQUIT: [libjvm.dylib+0x41d0d1], sa_mask[0]=0xfffefeff, sa_flags=0x00000042


---------------  S Y S T E M  ---------------

OS:Bsduname:Darwin 16.7.0 Darwin Kernel Version 16.7.0: Sun Jun  2 20:26:31 PDT 2019; root:xnu-3789.73.50~1/RELEASE_X86_64 x86_64
rlimit: STACK 8192k, CORE 0k, NPROC 709, NOFILE 10240, AS infinity
load average:3.31 3.79 4.04

CPU:total 8 (4 cores per cpu, 2 threads per core) family 6 model 70 stepping 1, cmov, cx8, fxsr, mmx, sse, sse2, sse3, ssse3, sse4.1, sse4.2, popcnt, avx, avx2, aes, erms, ht, tsc, tscinvbit

Memory: 4k page, physical 16777216k(4194304k free)

/proc/meminfo:


vm_info: Java HotSpot(TM) 64-Bit Server VM (24.79-b02) for bsd-amd64 JRE (1.7.0_79-b15), built on Apr 10 2015 11:35:04 by "java_re" with gcc 4.2.1 (Based on Apple Inc. build 5658) (LLVM build 2336.11.00)

time: Sun Oct 27 21:18:35 2019
elapsed time: 71 seconds

