=====================================
Guest Name: guo
Selected Items: 
  guo
  8 Knives
=====================================
Guest Name: alan
Selected Items: 
  alan
  8 Forks
=====================================
Guest Name: Alan Wong
Selected Items: 
  Alan Wong
  1 Dish Soap
  1 Dustpan
  
  Alan Wong
  1 Mop
  
  Alan Wong
  1 Slotted Spoon
  
  Alan Wong
  8 Knives
  1 Potato Peeler
  1 Shampooch
  1 Bag of Sponges
=====================================
Guest Name: 
Selected Items: 
  
=====================================
Guest Name: 
Selected Items: 
  
=====================================
Guest Name: 
Selected Items: 
  
  1 Slotted Spoon
  1 Bag of Sponges
=====================================
Guest Name: 
Selected Items: 
  
  8 Knives
  8 Forks
  8 Spoons
  8 Glasses
  1 Plastic Table Cloth
  1 Spatula
  2 Serving Spoons
  1 Slotted Spoon
  1 Ladle
  1 Potato Peeler
  1 Potato Masher
  1 Partridge in a Pear Tree
  1 Dish Soap
  1 Box of Soap Bars
  1 Shampoo
  1 Shampooch
  1 Laundry Detergent
  1 Cleanser
  6 Light Bulbs
  2 Wash Cloths
  1 Bag of Sponges
  1 Broom
  1 Mop
  1 Mop Bucket
  1 Dustpan
=====================================
Guest Name: 
Selected Items: 
  
=====================================
Guest Name: guo
Selected Items: 
  guo
  8 Knives
=====================================
Guest Name: 
Selected Items: 
  
=====================================
Guest Name: 
Selected Items: 
  
=====================================
Guest Name: 
Selected Items: 
  
=====================================
11/30/2019 20:54:14
The Dollar Shoppe Wedding Registry
Guest Name: guo
Selected Items: 
  guo
  8 Knives
=====================================
11/30/2019 22:45:11
The Dollar Shoppe Wedding Registry
Guest Name: 
Selected Items: 
  
=====================================
11/30/2019 22:45:37
The Dollar Shoppe Wedding Registry
Guest Name: guo
Selected Items: 
  guo
  8 Knives
=====================================
11/30/2019 22:45:40
The Dollar Shoppe Wedding Registry
Guest Name: 
Selected Items: 
  
=====================================
11/30/2019 22:46:17
The Dollar Shoppe Wedding Registry
Guest Name: 
Selected Items: 
  
=====================================
11/30/2019 22:46:27
The Dollar Shoppe Wedding Registry
Guest Name: guo
Selected Items: 
  guo
  8 Knives
=====================================
11/30/2019 22:49:37
The Dollar Shoppe Wedding Registry
Guest Name: 
Selected Items: 
  
=====================================
The Dollar Shoppe Wedding Registry
11/30/2019 22:49:48
Guest Name: a
Selected Items: 
  a
  8 Knives
 
 
=====================================
The Dollar Shoppe Wedding Registry
11/30/2019 22:49:58
Guest Name: f
Selected Items: 
  f
  8 Forks
 
 
=====================================
The Dollar Shoppe Wedding Registry
12/01/2019 23:29:26
Guest Name: 
Selected Items: 
  
 
 
=====================================
The Dollar Shoppe Wedding Registry
12/01/2019 23:35:30
Guest Name: Alan Wong
Selected Items: 
  Alan Wong
  8 Forks
  1 Slotted Spoon
  1 Shampoo
  1 Bag of Sponges
 
 
=====================================
The Dollar Shoppe Wedding Registry
12/01/2019 23:35:58
Guest Name: Joe Smith
Selected Items: 
  Joe Smith
  8 Spoons
  2 Serving Spoons
  1 Laundry Detergent
  1 Broom
 
 
=====================================
The Dollar Shoppe Wedding Registry
12/01/2019 23:36:42
Guest Name: Alexander Williams
Selected Items: 
  Alexander Williams
  8 Glasses
  1 Potato Peeler
  1 Broom
  
  John Jones
  8 Spoons
  1 Slotted Spoon
  1 Partridge in a Pear Tree
  1 Cleanser
  1 Dustpan
 
 
=====================================
The Dollar Shoppe Wedding Registry
12/01/2019 23:42:49
Guest Name: Dan McElroy
Selected Items: 
  Dan McElroy
  8 Spoons
  1 Spatula
  1 Ladle
  1 Shampooch
  1 Mop Bucket
 
 
=====================================
The Dollar Shoppe Wedding Registry
12/03/2019 16:55:40
Guest Name: 
Selected Items: 
  
 
 
=====================================
The Dollar Shoppe Wedding Registry
12/07/2019 17:27:49
Guest Name: 
Selected Items: 
  
 
 
=====================================
The Dollar Shoppe Wedding Registry
12/14/2019 18:11:08
Guest Name: 
Selected Items: 
  
 
 
